<?xml version="1.0" encoding="UTF-8"?>
<!-- Generated by org.testng.reporters.JUnitXMLReporter -->
<testsuite hostname="DESKTOP-9ONQN37" ignored="0" name="Test" tests="1" failures="0" timestamp="08 Apr 2019 09:58:35 GMT" time="0.094" errors="0">
  <testcase name="@BeforeClass PageOpen" time="0.063" classname="kateSpade.Open_Close">
    <failure type="java.lang.IllegalStateException" message="The driver executable does not exist: D:\Automation Scripts\Selenium\SPADE\‪‪C:\Users\dell\Downloads\chromedriver.exe">
      <![CDATA[java.lang.IllegalStateException: The driver executable does not exist: D:\Automation Scripts\Selenium\SPADE\‪‪C:\Users\dell\Downloads\chromedriver.exe
at com.google.common.base.Preconditions.checkState(Preconditions.java:585)
at org.openqa.selenium.remote.service.DriverService.checkExecutable(DriverService.java:137)
at org.openqa.selenium.remote.service.DriverService.findExecutable(DriverService.java:132)
at org.openqa.selenium.chrome.ChromeDriverService.access$000(ChromeDriverService.java:35)
at org.openqa.selenium.chrome.ChromeDriverService$Builder.findDefaultExecutable(ChromeDriverService.java:159)
at org.openqa.selenium.remote.service.DriverService$Builder.build(DriverService.java:346)
at org.openqa.selenium.chrome.ChromeDriverService.createDefaultService(ChromeDriverService.java:94)
at org.openqa.selenium.chrome.ChromeDriver.<init>(ChromeDriver.java:123)
at kateSpade.Open_Close.PageOpen(Open_Close.java:23)
... Removed 30 stack frames]]>
    </failure>
  </testcase> <!-- @BeforeClass PageOpen -->
  <testcase name="update" time="0.0" classname="kateSpade.login">
    <skipped/>
  </testcase> <!-- update -->
</testsuite> <!-- Test -->
