<?xml version="1.0" encoding="UTF-8"?>
<!-- Generated by org.testng.reporters.JUnitXMLReporter -->
<testsuite hostname="DESKTOP-9ONQN37" ignored="0" name="Test" tests="1" failures="0" timestamp="08 Apr 2019 10:49:15 GMT" time="0.094" errors="0">
  <testcase name="@BeforeClass Pagelunch" time="0.078" classname="PLACING.OREDERS.IN.KATESPADE.OrderPlaceWithVISA">
    <failure type="java.lang.IllegalStateException" message="The driver executable does not exist: D:\Automation Scripts\Selenium\OREDERS.IN.KATESPADE\‪‪D:\Automation Scripts\Selenium\OREDERS.IN.KATESPADE\drivers">
      <![CDATA[java.lang.IllegalStateException: The driver executable does not exist: D:\Automation Scripts\Selenium\OREDERS.IN.KATESPADE\‪‪D:\Automation Scripts\Selenium\OREDERS.IN.KATESPADE\drivers
	at com.google.common.base.Preconditions.checkState(Preconditions.java:585)
	at org.openqa.selenium.remote.service.DriverService.checkExecutable(DriverService.java:146)
	at org.openqa.selenium.remote.service.DriverService.findExecutable(DriverService.java:141)
	at org.openqa.selenium.chrome.ChromeDriverService.access$000(ChromeDriverService.java:35)
	at org.openqa.selenium.chrome.ChromeDriverService$Builder.findDefaultExecutable(ChromeDriverService.java:159)
	at org.openqa.selenium.remote.service.DriverService$Builder.build(DriverService.java:355)
	at org.openqa.selenium.chrome.ChromeDriverService.createDefaultService(ChromeDriverService.java:94)
	at org.openqa.selenium.chrome.ChromeDriver.<init>(ChromeDriver.java:123)
	at PLACING.OREDERS.IN.KATESPADE.OrderPlaceWithVISA.Pagelunch(OrderPlaceWithVISA.java:25)
... Removed 29 stack frames]]>
    </failure>
  </testcase> <!-- @BeforeClass Pagelunch -->
  <testcase name="guestUsrOrderplacewithVisa" time="0.0" classname="PLACING.OREDERS.IN.KATESPADE.OrderPlaceWithVISA">
    <skipped/>
  </testcase> <!-- guestUsrOrderplacewithVisa -->
</testsuite> <!-- Test -->
