-------------------------------------------------------------------------------
Test set: TestSuite
-------------------------------------------------------------------------------
Tests run: 2, Failures: 1, Errors: 0, Skipped: 1, Time elapsed: 0.682 s <<< FAILURE! - in TestSuite
Pagelunch(PLACING.OREDERS.IN.KATESPADE.OrderPlaceWithVISA)  Time elapsed: 0.526 s  <<< FAILURE!
java.lang.IllegalStateException: The driver executable does not exist: D:\Automation Scripts\Selenium\OREDERS.IN.KATESPADE\??D:\Automation Scripts\Selenium\OREDERS.IN.KATESPADE\drivers
	at PLACING.OREDERS.IN.KATESPADE.OrderPlaceWithVISA.Pagelunch(OrderPlaceWithVISA.java:25)

