<?xml version="1.0" encoding="UTF-8"?>
<testng-results skipped="0" failed="4" ignored="0" total="7" passed="3">
  <reporter-output>
  </reporter-output>
  <suite name="Suite" duration-ms="126786" started-at="2019-04-12T07:43:18Z" finished-at="2019-04-12T07:45:25Z">
    <groups>
    </groups>
    <test name="orderplacingwithCards.xml" duration-ms="126786" started-at="2019-04-12T07:43:18Z" finished-at="2019-04-12T07:45:25Z">
      <class name="com.test.Automation.orderplacingStuartWeitzman.orderplacingWithDiner">
        <test-method status="PASS" signature="Pagelunch()[pri:0, instance:com.test.Automation.orderplacingStuartWeitzman.orderplacingWithDiner@72b6cbcc]" name="Pagelunch" is-config="true" duration-ms="26234" started-at="2019-04-12T07:43:18Z" finished-at="2019-04-12T07:43:44Z">
          <reporter-output>
          </reporter-output>
        </test-method> <!-- Pagelunch -->
        <test-method status="FAIL" signature="guestUsrOrderplacewithDINER()[pri:0, instance:com.test.Automation.orderplacingStuartWeitzman.orderplacingWithDiner@72b6cbcc]" name="guestUsrOrderplacewithDINER" duration-ms="48231" started-at="2019-04-12T07:43:44Z" finished-at="2019-04-12T07:44:32Z">
          <exception class="org.openqa.selenium.NoSuchElementException">
            <message>
              <![CDATA[no such element: Unable to locate element: {"method":"xpath","selector":"//a[@title='Select size: 37']"}
  (Session info: chrome=73.0.3683.103)
  (Driver info: chromedriver=72.0.3626.69 (3c16f8a135abc0d4da2dff33804db79b849a7c38),platform=Windows NT 10.0.17134 x86_64) (WARNING: The server did not provide any stacktrace information)
Command duration or timeout: 0 milliseconds
For documentation on this error, please visit: http://seleniumhq.org/exceptions/no_such_element.html
Build info: version: '3.13.0', revision: '2f0d292', time: '2018-06-25T15:24:21.231Z'
System info: host: 'DESKTOP-9ONQN37', ip: '10.45.50.233', os.name: 'Windows 10', os.arch: 'amd64', os.version: '10.0', java.version: '1.8.0_201'
Driver info: org.openqa.selenium.chrome.ChromeDriver
Capabilities {acceptInsecureCerts: false, acceptSslCerts: false, applicationCacheEnabled: false, browserConnectionEnabled: false, browserName: chrome, chrome: {chromedriverVersion: 72.0.3626.69 (3c16f8a135abc..., userDataDir: C:\Users\dell\AppData\Local...}, cssSelectorsEnabled: true, databaseEnabled: false, goog:chromeOptions: {debuggerAddress: localhost:53049}, handlesAlerts: true, hasTouchScreen: false, javascriptEnabled: true, locationContextEnabled: true, mobileEmulationEnabled: false, nativeEvents: true, networkConnectionEnabled: false, pageLoadStrategy: normal, platform: XP, platformName: XP, proxy: Proxy(), rotatable: false, setWindowRect: true, takesHeapSnapshot: true, takesScreenshot: true, timeouts: {implicit: 0, pageLoad: 300000, script: 30000}, unexpectedAlertBehaviour: ignore, unhandledPromptBehavior: ignore, version: 73.0.3683.103, webStorageEnabled: true}
Session ID: af2749e5119c76248f70cc51537107f3
*** Element info: {Using=xpath, value=//a[@title='Select size: 37']}]]>
            </message>
            <full-stacktrace>
              <![CDATA[org.openqa.selenium.NoSuchElementException: no such element: Unable to locate element: {"method":"xpath","selector":"//a[@title='Select size: 37']"}
  (Session info: chrome=73.0.3683.103)
  (Driver info: chromedriver=72.0.3626.69 (3c16f8a135abc0d4da2dff33804db79b849a7c38),platform=Windows NT 10.0.17134 x86_64) (WARNING: The server did not provide any stacktrace information)
Command duration or timeout: 0 milliseconds
For documentation on this error, please visit: http://seleniumhq.org/exceptions/no_such_element.html
Build info: version: '3.13.0', revision: '2f0d292', time: '2018-06-25T15:24:21.231Z'
System info: host: 'DESKTOP-9ONQN37', ip: '10.45.50.233', os.name: 'Windows 10', os.arch: 'amd64', os.version: '10.0', java.version: '1.8.0_201'
Driver info: org.openqa.selenium.chrome.ChromeDriver
Capabilities {acceptInsecureCerts: false, acceptSslCerts: false, applicationCacheEnabled: false, browserConnectionEnabled: false, browserName: chrome, chrome: {chromedriverVersion: 72.0.3626.69 (3c16f8a135abc..., userDataDir: C:\Users\dell\AppData\Local...}, cssSelectorsEnabled: true, databaseEnabled: false, goog:chromeOptions: {debuggerAddress: localhost:53049}, handlesAlerts: true, hasTouchScreen: false, javascriptEnabled: true, locationContextEnabled: true, mobileEmulationEnabled: false, nativeEvents: true, networkConnectionEnabled: false, pageLoadStrategy: normal, platform: XP, platformName: XP, proxy: Proxy(), rotatable: false, setWindowRect: true, takesHeapSnapshot: true, takesScreenshot: true, timeouts: {implicit: 0, pageLoad: 300000, script: 30000}, unexpectedAlertBehaviour: ignore, unhandledPromptBehavior: ignore, version: 73.0.3683.103, webStorageEnabled: true}
Session ID: af2749e5119c76248f70cc51537107f3
*** Element info: {Using=xpath, value=//a[@title='Select size: 37']}
at sun.reflect.NativeConstructorAccessorImpl.newInstance0(Native Method)
at sun.reflect.NativeConstructorAccessorImpl.newInstance(NativeConstructorAccessorImpl.java:62)
at sun.reflect.DelegatingConstructorAccessorImpl.newInstance(DelegatingConstructorAccessorImpl.java:45)
at java.lang.reflect.Constructor.newInstance(Constructor.java:423)
at org.openqa.selenium.remote.ErrorHandler.createThrowable(ErrorHandler.java:214)
at org.openqa.selenium.remote.ErrorHandler.throwIfResponseFailed(ErrorHandler.java:166)
at org.openqa.selenium.remote.http.JsonHttpResponseCodec.reconstructValue(JsonHttpResponseCodec.java:40)
at org.openqa.selenium.remote.http.AbstractHttpResponseCodec.decode(AbstractHttpResponseCodec.java:80)
at org.openqa.selenium.remote.http.AbstractHttpResponseCodec.decode(AbstractHttpResponseCodec.java:44)
at org.openqa.selenium.remote.HttpCommandExecutor.execute(HttpCommandExecutor.java:158)
at org.openqa.selenium.remote.service.DriverCommandExecutor.execute(DriverCommandExecutor.java:83)
at org.openqa.selenium.remote.RemoteWebDriver.execute(RemoteWebDriver.java:548)
at org.openqa.selenium.remote.RemoteWebDriver.findElement(RemoteWebDriver.java:322)
at org.openqa.selenium.remote.RemoteWebDriver.findElementByXPath(RemoteWebDriver.java:424)
at org.openqa.selenium.By$ByXPath.findElement(By.java:353)
at org.openqa.selenium.remote.RemoteWebDriver.findElement(RemoteWebDriver.java:314)
at com.test.Automation.orderplacingStuartWeitzman.orderplacingWithDiner.Sizedrpdown(orderplacingWithDiner.java:111)
at com.test.Automation.orderplacingStuartWeitzman.orderplacingWithDiner.guestUsrOrderplacewithDINER(orderplacingWithDiner.java:58)
at sun.reflect.NativeMethodAccessorImpl.invoke0(Native Method)
at sun.reflect.NativeMethodAccessorImpl.invoke(NativeMethodAccessorImpl.java:62)
at sun.reflect.DelegatingMethodAccessorImpl.invoke(DelegatingMethodAccessorImpl.java:43)
at java.lang.reflect.Method.invoke(Method.java:498)
at org.testng.internal.MethodInvocationHelper.invokeMethod(MethodInvocationHelper.java:124)
at org.testng.internal.Invoker.invokeMethod(Invoker.java:583)
at org.testng.internal.Invoker.invokeTestMethod(Invoker.java:719)
at org.testng.internal.Invoker.invokeTestMethods(Invoker.java:989)
at org.testng.internal.TestMethodWorker.invokeTestMethods(TestMethodWorker.java:125)
at org.testng.internal.TestMethodWorker.run(TestMethodWorker.java:109)
at java.util.concurrent.ThreadPoolExecutor.runWorker(ThreadPoolExecutor.java:1149)
at java.util.concurrent.ThreadPoolExecutor$Worker.run(ThreadPoolExecutor.java:624)
at java.lang.Thread.run(Thread.java:748)
]]>
            </full-stacktrace>
          </exception> <!-- org.openqa.selenium.NoSuchElementException -->
          <reporter-output>
          </reporter-output>
        </test-method> <!-- guestUsrOrderplacewithDINER -->
        <test-method status="PASS" signature="PageClose()[pri:0, instance:com.test.Automation.orderplacingStuartWeitzman.orderplacingWithDiner@72b6cbcc]" name="PageClose" is-config="true" duration-ms="5325" started-at="2019-04-12T07:44:32Z" finished-at="2019-04-12T07:44:38Z">
          <reporter-output>
          </reporter-output>
        </test-method> <!-- PageClose -->
      </class> <!-- com.test.Automation.orderplacingStuartWeitzman.orderplacingWithDiner -->
      <class name="com.test.Automation.orderplacingStuartWeitzman.orderplacingWithJCB">
        <test-method status="PASS" signature="Pagelunch()[pri:0, instance:com.test.Automation.orderplacingStuartWeitzman.orderplacingWithJCB@a7e666]" name="Pagelunch" is-config="true" duration-ms="26543" started-at="2019-04-12T07:43:18Z" finished-at="2019-04-12T07:43:45Z">
          <reporter-output>
          </reporter-output>
        </test-method> <!-- Pagelunch -->
        <test-method status="FAIL" signature="guestUsrOrderplacewithJCB()[pri:0, instance:com.test.Automation.orderplacingStuartWeitzman.orderplacingWithJCB@a7e666]" name="guestUsrOrderplacewithJCB" duration-ms="50389" started-at="2019-04-12T07:43:45Z" finished-at="2019-04-12T07:44:35Z">
          <exception class="org.openqa.selenium.NoSuchElementException">
            <message>
              <![CDATA[no such element: Unable to locate element: {"method":"xpath","selector":"//a[@title='Select size: 38']"}
  (Session info: chrome=73.0.3683.103)
  (Driver info: chromedriver=72.0.3626.69 (3c16f8a135abc0d4da2dff33804db79b849a7c38),platform=Windows NT 10.0.17134 x86_64) (WARNING: The server did not provide any stacktrace information)
Command duration or timeout: 0 milliseconds
For documentation on this error, please visit: http://seleniumhq.org/exceptions/no_such_element.html
Build info: version: '3.13.0', revision: '2f0d292', time: '2018-06-25T15:24:21.231Z'
System info: host: 'DESKTOP-9ONQN37', ip: '10.45.50.233', os.name: 'Windows 10', os.arch: 'amd64', os.version: '10.0', java.version: '1.8.0_201'
Driver info: org.openqa.selenium.chrome.ChromeDriver
Capabilities {acceptInsecureCerts: false, acceptSslCerts: false, applicationCacheEnabled: false, browserConnectionEnabled: false, browserName: chrome, chrome: {chromedriverVersion: 72.0.3626.69 (3c16f8a135abc..., userDataDir: C:\Users\dell\AppData\Local...}, cssSelectorsEnabled: true, databaseEnabled: false, goog:chromeOptions: {debuggerAddress: localhost:53043}, handlesAlerts: true, hasTouchScreen: false, javascriptEnabled: true, locationContextEnabled: true, mobileEmulationEnabled: false, nativeEvents: true, networkConnectionEnabled: false, pageLoadStrategy: normal, platform: XP, platformName: XP, proxy: Proxy(), rotatable: false, setWindowRect: true, takesHeapSnapshot: true, takesScreenshot: true, timeouts: {implicit: 0, pageLoad: 300000, script: 30000}, unexpectedAlertBehaviour: ignore, unhandledPromptBehavior: ignore, version: 73.0.3683.103, webStorageEnabled: true}
Session ID: 228dbbd7c7440e49c70ffb0cd0af1226
*** Element info: {Using=xpath, value=//a[@title='Select size: 38']}]]>
            </message>
            <full-stacktrace>
              <![CDATA[org.openqa.selenium.NoSuchElementException: no such element: Unable to locate element: {"method":"xpath","selector":"//a[@title='Select size: 38']"}
  (Session info: chrome=73.0.3683.103)
  (Driver info: chromedriver=72.0.3626.69 (3c16f8a135abc0d4da2dff33804db79b849a7c38),platform=Windows NT 10.0.17134 x86_64) (WARNING: The server did not provide any stacktrace information)
Command duration or timeout: 0 milliseconds
For documentation on this error, please visit: http://seleniumhq.org/exceptions/no_such_element.html
Build info: version: '3.13.0', revision: '2f0d292', time: '2018-06-25T15:24:21.231Z'
System info: host: 'DESKTOP-9ONQN37', ip: '10.45.50.233', os.name: 'Windows 10', os.arch: 'amd64', os.version: '10.0', java.version: '1.8.0_201'
Driver info: org.openqa.selenium.chrome.ChromeDriver
Capabilities {acceptInsecureCerts: false, acceptSslCerts: false, applicationCacheEnabled: false, browserConnectionEnabled: false, browserName: chrome, chrome: {chromedriverVersion: 72.0.3626.69 (3c16f8a135abc..., userDataDir: C:\Users\dell\AppData\Local...}, cssSelectorsEnabled: true, databaseEnabled: false, goog:chromeOptions: {debuggerAddress: localhost:53043}, handlesAlerts: true, hasTouchScreen: false, javascriptEnabled: true, locationContextEnabled: true, mobileEmulationEnabled: false, nativeEvents: true, networkConnectionEnabled: false, pageLoadStrategy: normal, platform: XP, platformName: XP, proxy: Proxy(), rotatable: false, setWindowRect: true, takesHeapSnapshot: true, takesScreenshot: true, timeouts: {implicit: 0, pageLoad: 300000, script: 30000}, unexpectedAlertBehaviour: ignore, unhandledPromptBehavior: ignore, version: 73.0.3683.103, webStorageEnabled: true}
Session ID: 228dbbd7c7440e49c70ffb0cd0af1226
*** Element info: {Using=xpath, value=//a[@title='Select size: 38']}
at sun.reflect.NativeConstructorAccessorImpl.newInstance0(Native Method)
at sun.reflect.NativeConstructorAccessorImpl.newInstance(NativeConstructorAccessorImpl.java:62)
at sun.reflect.DelegatingConstructorAccessorImpl.newInstance(DelegatingConstructorAccessorImpl.java:45)
at java.lang.reflect.Constructor.newInstance(Constructor.java:423)
at org.openqa.selenium.remote.ErrorHandler.createThrowable(ErrorHandler.java:214)
at org.openqa.selenium.remote.ErrorHandler.throwIfResponseFailed(ErrorHandler.java:166)
at org.openqa.selenium.remote.http.JsonHttpResponseCodec.reconstructValue(JsonHttpResponseCodec.java:40)
at org.openqa.selenium.remote.http.AbstractHttpResponseCodec.decode(AbstractHttpResponseCodec.java:80)
at org.openqa.selenium.remote.http.AbstractHttpResponseCodec.decode(AbstractHttpResponseCodec.java:44)
at org.openqa.selenium.remote.HttpCommandExecutor.execute(HttpCommandExecutor.java:158)
at org.openqa.selenium.remote.service.DriverCommandExecutor.execute(DriverCommandExecutor.java:83)
at org.openqa.selenium.remote.RemoteWebDriver.execute(RemoteWebDriver.java:548)
at org.openqa.selenium.remote.RemoteWebDriver.findElement(RemoteWebDriver.java:322)
at org.openqa.selenium.remote.RemoteWebDriver.findElementByXPath(RemoteWebDriver.java:424)
at org.openqa.selenium.By$ByXPath.findElement(By.java:353)
at org.openqa.selenium.remote.RemoteWebDriver.findElement(RemoteWebDriver.java:314)
at com.test.Automation.orderplacingStuartWeitzman.orderplacingWithJCB.Sizedrpdown(orderplacingWithJCB.java:115)
at com.test.Automation.orderplacingStuartWeitzman.orderplacingWithJCB.guestUsrOrderplacewithJCB(orderplacingWithJCB.java:58)
at sun.reflect.NativeMethodAccessorImpl.invoke0(Native Method)
at sun.reflect.NativeMethodAccessorImpl.invoke(NativeMethodAccessorImpl.java:62)
at sun.reflect.DelegatingMethodAccessorImpl.invoke(DelegatingMethodAccessorImpl.java:43)
at java.lang.reflect.Method.invoke(Method.java:498)
at org.testng.internal.MethodInvocationHelper.invokeMethod(MethodInvocationHelper.java:124)
at org.testng.internal.Invoker.invokeMethod(Invoker.java:583)
at org.testng.internal.Invoker.invokeTestMethod(Invoker.java:719)
at org.testng.internal.Invoker.invokeTestMethods(Invoker.java:989)
at org.testng.internal.TestMethodWorker.invokeTestMethods(TestMethodWorker.java:125)
at org.testng.internal.TestMethodWorker.run(TestMethodWorker.java:109)
at java.util.concurrent.ThreadPoolExecutor.runWorker(ThreadPoolExecutor.java:1149)
at java.util.concurrent.ThreadPoolExecutor$Worker.run(ThreadPoolExecutor.java:624)
at java.lang.Thread.run(Thread.java:748)
]]>
            </full-stacktrace>
          </exception> <!-- org.openqa.selenium.NoSuchElementException -->
          <reporter-output>
          </reporter-output>
        </test-method> <!-- guestUsrOrderplacewithJCB -->
        <test-method status="PASS" signature="PageClose()[pri:0, instance:com.test.Automation.orderplacingStuartWeitzman.orderplacingWithJCB@a7e666]" name="PageClose" is-config="true" duration-ms="5767" started-at="2019-04-12T07:44:35Z" finished-at="2019-04-12T07:44:41Z">
          <reporter-output>
          </reporter-output>
        </test-method> <!-- PageClose -->
      </class> <!-- com.test.Automation.orderplacingStuartWeitzman.orderplacingWithJCB -->
      <class name="com.test.Automation.orderplacingStuartWeitzman.orderplacingWithVISA">
        <test-method status="PASS" signature="Pagelunch()[pri:0, instance:com.test.Automation.orderplacingStuartWeitzman.orderplacingWithVISA@7494e528]" name="Pagelunch" is-config="true" duration-ms="26599" started-at="2019-04-12T07:43:18Z" finished-at="2019-04-12T07:43:45Z">
          <reporter-output>
          </reporter-output>
        </test-method> <!-- Pagelunch -->
        <test-method status="PASS" signature="guestUsrOrderplacewithVISA()[pri:0, instance:com.test.Automation.orderplacingStuartWeitzman.orderplacingWithVISA@7494e528]" name="guestUsrOrderplacewithVISA" duration-ms="97055" started-at="2019-04-12T07:43:45Z" finished-at="2019-04-12T07:45:22Z">
          <reporter-output>
          </reporter-output>
        </test-method> <!-- guestUsrOrderplacewithVISA -->
        <test-method status="PASS" signature="PageClose()[pri:0, instance:com.test.Automation.orderplacingStuartWeitzman.orderplacingWithVISA@7494e528]" name="PageClose" is-config="true" duration-ms="3118" started-at="2019-04-12T07:45:22Z" finished-at="2019-04-12T07:45:25Z">
          <reporter-output>
          </reporter-output>
        </test-method> <!-- PageClose -->
      </class> <!-- com.test.Automation.orderplacingStuartWeitzman.orderplacingWithVISA -->
      <class name="com.test.Automation.orderplacingStuartWeitzman.orderplacingWithMAESTRO">
        <test-method status="PASS" signature="Pagelunch()[pri:0, instance:com.test.Automation.orderplacingStuartWeitzman.orderplacingWithMAESTRO@68bbe345]" name="Pagelunch" is-config="true" duration-ms="26508" started-at="2019-04-12T07:43:18Z" finished-at="2019-04-12T07:43:44Z">
          <reporter-output>
          </reporter-output>
        </test-method> <!-- Pagelunch -->
        <test-method status="FAIL" signature="guestUsrOrderplacewithMAESTRO()[pri:0, instance:com.test.Automation.orderplacingStuartWeitzman.orderplacingWithMAESTRO@68bbe345]" name="guestUsrOrderplacewithMAESTRO" duration-ms="51178" started-at="2019-04-12T07:43:44Z" finished-at="2019-04-12T07:44:36Z">
          <exception class="org.openqa.selenium.NoSuchElementException">
            <message>
              <![CDATA[no such element: Unable to locate element: {"method":"xpath","selector":"//a[@title='Select size: 38']"}
  (Session info: chrome=73.0.3683.103)
  (Driver info: chromedriver=72.0.3626.69 (3c16f8a135abc0d4da2dff33804db79b849a7c38),platform=Windows NT 10.0.17134 x86_64) (WARNING: The server did not provide any stacktrace information)
Command duration or timeout: 0 milliseconds
For documentation on this error, please visit: http://seleniumhq.org/exceptions/no_such_element.html
Build info: version: '3.13.0', revision: '2f0d292', time: '2018-06-25T15:24:21.231Z'
System info: host: 'DESKTOP-9ONQN37', ip: '10.45.50.233', os.name: 'Windows 10', os.arch: 'amd64', os.version: '10.0', java.version: '1.8.0_201'
Driver info: org.openqa.selenium.chrome.ChromeDriver
Capabilities {acceptInsecureCerts: false, acceptSslCerts: false, applicationCacheEnabled: false, browserConnectionEnabled: false, browserName: chrome, chrome: {chromedriverVersion: 72.0.3626.69 (3c16f8a135abc..., userDataDir: C:\Users\dell\AppData\Local...}, cssSelectorsEnabled: true, databaseEnabled: false, goog:chromeOptions: {debuggerAddress: localhost:53044}, handlesAlerts: true, hasTouchScreen: false, javascriptEnabled: true, locationContextEnabled: true, mobileEmulationEnabled: false, nativeEvents: true, networkConnectionEnabled: false, pageLoadStrategy: normal, platform: XP, platformName: XP, proxy: Proxy(), rotatable: false, setWindowRect: true, takesHeapSnapshot: true, takesScreenshot: true, timeouts: {implicit: 0, pageLoad: 300000, script: 30000}, unexpectedAlertBehaviour: ignore, unhandledPromptBehavior: ignore, version: 73.0.3683.103, webStorageEnabled: true}
Session ID: 7a59717719d48cbb1480bad3c5bf1ae5
*** Element info: {Using=xpath, value=//a[@title='Select size: 38']}]]>
            </message>
            <full-stacktrace>
              <![CDATA[org.openqa.selenium.NoSuchElementException: no such element: Unable to locate element: {"method":"xpath","selector":"//a[@title='Select size: 38']"}
  (Session info: chrome=73.0.3683.103)
  (Driver info: chromedriver=72.0.3626.69 (3c16f8a135abc0d4da2dff33804db79b849a7c38),platform=Windows NT 10.0.17134 x86_64) (WARNING: The server did not provide any stacktrace information)
Command duration or timeout: 0 milliseconds
For documentation on this error, please visit: http://seleniumhq.org/exceptions/no_such_element.html
Build info: version: '3.13.0', revision: '2f0d292', time: '2018-06-25T15:24:21.231Z'
System info: host: 'DESKTOP-9ONQN37', ip: '10.45.50.233', os.name: 'Windows 10', os.arch: 'amd64', os.version: '10.0', java.version: '1.8.0_201'
Driver info: org.openqa.selenium.chrome.ChromeDriver
Capabilities {acceptInsecureCerts: false, acceptSslCerts: false, applicationCacheEnabled: false, browserConnectionEnabled: false, browserName: chrome, chrome: {chromedriverVersion: 72.0.3626.69 (3c16f8a135abc..., userDataDir: C:\Users\dell\AppData\Local...}, cssSelectorsEnabled: true, databaseEnabled: false, goog:chromeOptions: {debuggerAddress: localhost:53044}, handlesAlerts: true, hasTouchScreen: false, javascriptEnabled: true, locationContextEnabled: true, mobileEmulationEnabled: false, nativeEvents: true, networkConnectionEnabled: false, pageLoadStrategy: normal, platform: XP, platformName: XP, proxy: Proxy(), rotatable: false, setWindowRect: true, takesHeapSnapshot: true, takesScreenshot: true, timeouts: {implicit: 0, pageLoad: 300000, script: 30000}, unexpectedAlertBehaviour: ignore, unhandledPromptBehavior: ignore, version: 73.0.3683.103, webStorageEnabled: true}
Session ID: 7a59717719d48cbb1480bad3c5bf1ae5
*** Element info: {Using=xpath, value=//a[@title='Select size: 38']}
at sun.reflect.NativeConstructorAccessorImpl.newInstance0(Native Method)
at sun.reflect.NativeConstructorAccessorImpl.newInstance(NativeConstructorAccessorImpl.java:62)
at sun.reflect.DelegatingConstructorAccessorImpl.newInstance(DelegatingConstructorAccessorImpl.java:45)
at java.lang.reflect.Constructor.newInstance(Constructor.java:423)
at org.openqa.selenium.remote.ErrorHandler.createThrowable(ErrorHandler.java:214)
at org.openqa.selenium.remote.ErrorHandler.throwIfResponseFailed(ErrorHandler.java:166)
at org.openqa.selenium.remote.http.JsonHttpResponseCodec.reconstructValue(JsonHttpResponseCodec.java:40)
at org.openqa.selenium.remote.http.AbstractHttpResponseCodec.decode(AbstractHttpResponseCodec.java:80)
at org.openqa.selenium.remote.http.AbstractHttpResponseCodec.decode(AbstractHttpResponseCodec.java:44)
at org.openqa.selenium.remote.HttpCommandExecutor.execute(HttpCommandExecutor.java:158)
at org.openqa.selenium.remote.service.DriverCommandExecutor.execute(DriverCommandExecutor.java:83)
at org.openqa.selenium.remote.RemoteWebDriver.execute(RemoteWebDriver.java:548)
at org.openqa.selenium.remote.RemoteWebDriver.findElement(RemoteWebDriver.java:322)
at org.openqa.selenium.remote.RemoteWebDriver.findElementByXPath(RemoteWebDriver.java:424)
at org.openqa.selenium.By$ByXPath.findElement(By.java:353)
at org.openqa.selenium.remote.RemoteWebDriver.findElement(RemoteWebDriver.java:314)
at com.test.Automation.orderplacingStuartWeitzman.orderplacingWithMAESTRO.Sizedrpdown(orderplacingWithMAESTRO.java:115)
at com.test.Automation.orderplacingStuartWeitzman.orderplacingWithMAESTRO.guestUsrOrderplacewithMAESTRO(orderplacingWithMAESTRO.java:58)
at sun.reflect.NativeMethodAccessorImpl.invoke0(Native Method)
at sun.reflect.NativeMethodAccessorImpl.invoke(NativeMethodAccessorImpl.java:62)
at sun.reflect.DelegatingMethodAccessorImpl.invoke(DelegatingMethodAccessorImpl.java:43)
at java.lang.reflect.Method.invoke(Method.java:498)
at org.testng.internal.MethodInvocationHelper.invokeMethod(MethodInvocationHelper.java:124)
at org.testng.internal.Invoker.invokeMethod(Invoker.java:583)
at org.testng.internal.Invoker.invokeTestMethod(Invoker.java:719)
at org.testng.internal.Invoker.invokeTestMethods(Invoker.java:989)
at org.testng.internal.TestMethodWorker.invokeTestMethods(TestMethodWorker.java:125)
at org.testng.internal.TestMethodWorker.run(TestMethodWorker.java:109)
at java.util.concurrent.ThreadPoolExecutor.runWorker(ThreadPoolExecutor.java:1149)
at java.util.concurrent.ThreadPoolExecutor$Worker.run(ThreadPoolExecutor.java:624)
at java.lang.Thread.run(Thread.java:748)
]]>
            </full-stacktrace>
          </exception> <!-- org.openqa.selenium.NoSuchElementException -->
          <reporter-output>
          </reporter-output>
        </test-method> <!-- guestUsrOrderplacewithMAESTRO -->
        <test-method status="PASS" signature="PageClose()[pri:0, instance:com.test.Automation.orderplacingStuartWeitzman.orderplacingWithMAESTRO@68bbe345]" name="PageClose" is-config="true" duration-ms="5511" started-at="2019-04-12T07:44:36Z" finished-at="2019-04-12T07:44:41Z">
          <reporter-output>
          </reporter-output>
        </test-method> <!-- PageClose -->
      </class> <!-- com.test.Automation.orderplacingStuartWeitzman.orderplacingWithMAESTRO -->
      <class name="com.test.Automation.orderplacingStuartWeitzman.orderplacingWithMC">
        <test-method status="PASS" signature="Pagelunch()[pri:0, instance:com.test.Automation.orderplacingStuartWeitzman.orderplacingWithMC@30b8a058]" name="Pagelunch" is-config="true" duration-ms="28458" started-at="2019-04-12T07:43:18Z" finished-at="2019-04-12T07:43:46Z">
          <reporter-output>
          </reporter-output>
        </test-method> <!-- Pagelunch -->
        <test-method status="PASS" signature="guestUsrOrderplacewithMC()[pri:0, instance:com.test.Automation.orderplacingStuartWeitzman.orderplacingWithMC@30b8a058]" name="guestUsrOrderplacewithMC" duration-ms="94866" started-at="2019-04-12T07:43:46Z" finished-at="2019-04-12T07:45:21Z">
          <reporter-output>
          </reporter-output>
        </test-method> <!-- guestUsrOrderplacewithMC -->
        <test-method status="PASS" signature="PageClose()[pri:0, instance:com.test.Automation.orderplacingStuartWeitzman.orderplacingWithMC@30b8a058]" name="PageClose" is-config="true" duration-ms="3091" started-at="2019-04-12T07:45:21Z" finished-at="2019-04-12T07:45:24Z">
          <reporter-output>
          </reporter-output>
        </test-method> <!-- PageClose -->
      </class> <!-- com.test.Automation.orderplacingStuartWeitzman.orderplacingWithMC -->
      <class name="com.test.Automation.orderplacingStuartWeitzman.orderplacingWithAMEX">
        <test-method status="PASS" signature="Pagelunch()[pri:0, instance:com.test.Automation.orderplacingStuartWeitzman.orderplacingWithAMEX@6737fd8f]" name="Pagelunch" is-config="true" duration-ms="26476" started-at="2019-04-12T07:43:18Z" finished-at="2019-04-12T07:43:44Z">
          <reporter-output>
          </reporter-output>
        </test-method> <!-- Pagelunch -->
        <test-method status="PASS" signature="guestUsrOrderplacewithAMEX()[pri:0, instance:com.test.Automation.orderplacingStuartWeitzman.orderplacingWithAMEX@6737fd8f]" name="guestUsrOrderplacewithAMEX" duration-ms="96398" started-at="2019-04-12T07:43:44Z" finished-at="2019-04-12T07:45:21Z">
          <reporter-output>
          </reporter-output>
        </test-method> <!-- guestUsrOrderplacewithAMEX -->
        <test-method status="PASS" signature="PageClose()[pri:0, instance:com.test.Automation.orderplacingStuartWeitzman.orderplacingWithAMEX@6737fd8f]" name="PageClose" is-config="true" duration-ms="3158" started-at="2019-04-12T07:45:21Z" finished-at="2019-04-12T07:45:24Z">
          <reporter-output>
          </reporter-output>
        </test-method> <!-- PageClose -->
      </class> <!-- com.test.Automation.orderplacingStuartWeitzman.orderplacingWithAMEX -->
      <class name="com.test.Automation.orderplacingStuartWeitzman.orderplacingWithDISCOVER">
        <test-method status="PASS" signature="Pagelunch()[pri:0, instance:com.test.Automation.orderplacingStuartWeitzman.orderplacingWithDISCOVER@4bbfb90a]" name="Pagelunch" is-config="true" duration-ms="26914" started-at="2019-04-12T07:43:18Z" finished-at="2019-04-12T07:43:45Z">
          <reporter-output>
          </reporter-output>
        </test-method> <!-- Pagelunch -->
        <test-method status="FAIL" signature="guestUsrOrderplacewithDISCOVER()[pri:0, instance:com.test.Automation.orderplacingStuartWeitzman.orderplacingWithDISCOVER@4bbfb90a]" name="guestUsrOrderplacewithDISCOVER" duration-ms="49044" started-at="2019-04-12T07:43:45Z" finished-at="2019-04-12T07:44:34Z">
          <exception class="org.openqa.selenium.NoSuchElementException">
            <message>
              <![CDATA[no such element: Unable to locate element: {"method":"xpath","selector":"//a[@title='Select size: 38']"}
  (Session info: chrome=73.0.3683.103)
  (Driver info: chromedriver=72.0.3626.69 (3c16f8a135abc0d4da2dff33804db79b849a7c38),platform=Windows NT 10.0.17134 x86_64) (WARNING: The server did not provide any stacktrace information)
Command duration or timeout: 0 milliseconds
For documentation on this error, please visit: http://seleniumhq.org/exceptions/no_such_element.html
Build info: version: '3.13.0', revision: '2f0d292', time: '2018-06-25T15:24:21.231Z'
System info: host: 'DESKTOP-9ONQN37', ip: '10.45.50.233', os.name: 'Windows 10', os.arch: 'amd64', os.version: '10.0', java.version: '1.8.0_201'
Driver info: org.openqa.selenium.chrome.ChromeDriver
Capabilities {acceptInsecureCerts: false, acceptSslCerts: false, applicationCacheEnabled: false, browserConnectionEnabled: false, browserName: chrome, chrome: {chromedriverVersion: 72.0.3626.69 (3c16f8a135abc..., userDataDir: C:\Users\dell\AppData\Local...}, cssSelectorsEnabled: true, databaseEnabled: false, goog:chromeOptions: {debuggerAddress: localhost:53042}, handlesAlerts: true, hasTouchScreen: false, javascriptEnabled: true, locationContextEnabled: true, mobileEmulationEnabled: false, nativeEvents: true, networkConnectionEnabled: false, pageLoadStrategy: normal, platform: XP, platformName: XP, proxy: Proxy(), rotatable: false, setWindowRect: true, takesHeapSnapshot: true, takesScreenshot: true, timeouts: {implicit: 0, pageLoad: 300000, script: 30000}, unexpectedAlertBehaviour: ignore, unhandledPromptBehavior: ignore, version: 73.0.3683.103, webStorageEnabled: true}
Session ID: 55f220e109ce0c27a27f20c43a2c9157
*** Element info: {Using=xpath, value=//a[@title='Select size: 38']}]]>
            </message>
            <full-stacktrace>
              <![CDATA[org.openqa.selenium.NoSuchElementException: no such element: Unable to locate element: {"method":"xpath","selector":"//a[@title='Select size: 38']"}
  (Session info: chrome=73.0.3683.103)
  (Driver info: chromedriver=72.0.3626.69 (3c16f8a135abc0d4da2dff33804db79b849a7c38),platform=Windows NT 10.0.17134 x86_64) (WARNING: The server did not provide any stacktrace information)
Command duration or timeout: 0 milliseconds
For documentation on this error, please visit: http://seleniumhq.org/exceptions/no_such_element.html
Build info: version: '3.13.0', revision: '2f0d292', time: '2018-06-25T15:24:21.231Z'
System info: host: 'DESKTOP-9ONQN37', ip: '10.45.50.233', os.name: 'Windows 10', os.arch: 'amd64', os.version: '10.0', java.version: '1.8.0_201'
Driver info: org.openqa.selenium.chrome.ChromeDriver
Capabilities {acceptInsecureCerts: false, acceptSslCerts: false, applicationCacheEnabled: false, browserConnectionEnabled: false, browserName: chrome, chrome: {chromedriverVersion: 72.0.3626.69 (3c16f8a135abc..., userDataDir: C:\Users\dell\AppData\Local...}, cssSelectorsEnabled: true, databaseEnabled: false, goog:chromeOptions: {debuggerAddress: localhost:53042}, handlesAlerts: true, hasTouchScreen: false, javascriptEnabled: true, locationContextEnabled: true, mobileEmulationEnabled: false, nativeEvents: true, networkConnectionEnabled: false, pageLoadStrategy: normal, platform: XP, platformName: XP, proxy: Proxy(), rotatable: false, setWindowRect: true, takesHeapSnapshot: true, takesScreenshot: true, timeouts: {implicit: 0, pageLoad: 300000, script: 30000}, unexpectedAlertBehaviour: ignore, unhandledPromptBehavior: ignore, version: 73.0.3683.103, webStorageEnabled: true}
Session ID: 55f220e109ce0c27a27f20c43a2c9157
*** Element info: {Using=xpath, value=//a[@title='Select size: 38']}
at sun.reflect.NativeConstructorAccessorImpl.newInstance0(Native Method)
at sun.reflect.NativeConstructorAccessorImpl.newInstance(NativeConstructorAccessorImpl.java:62)
at sun.reflect.DelegatingConstructorAccessorImpl.newInstance(DelegatingConstructorAccessorImpl.java:45)
at java.lang.reflect.Constructor.newInstance(Constructor.java:423)
at org.openqa.selenium.remote.ErrorHandler.createThrowable(ErrorHandler.java:214)
at org.openqa.selenium.remote.ErrorHandler.throwIfResponseFailed(ErrorHandler.java:166)
at org.openqa.selenium.remote.http.JsonHttpResponseCodec.reconstructValue(JsonHttpResponseCodec.java:40)
at org.openqa.selenium.remote.http.AbstractHttpResponseCodec.decode(AbstractHttpResponseCodec.java:80)
at org.openqa.selenium.remote.http.AbstractHttpResponseCodec.decode(AbstractHttpResponseCodec.java:44)
at org.openqa.selenium.remote.HttpCommandExecutor.execute(HttpCommandExecutor.java:158)
at org.openqa.selenium.remote.service.DriverCommandExecutor.execute(DriverCommandExecutor.java:83)
at org.openqa.selenium.remote.RemoteWebDriver.execute(RemoteWebDriver.java:548)
at org.openqa.selenium.remote.RemoteWebDriver.findElement(RemoteWebDriver.java:322)
at org.openqa.selenium.remote.RemoteWebDriver.findElementByXPath(RemoteWebDriver.java:424)
at org.openqa.selenium.By$ByXPath.findElement(By.java:353)
at org.openqa.selenium.remote.RemoteWebDriver.findElement(RemoteWebDriver.java:314)
at com.test.Automation.orderplacingStuartWeitzman.orderplacingWithDISCOVER.Sizedrpdown(orderplacingWithDISCOVER.java:115)
at com.test.Automation.orderplacingStuartWeitzman.orderplacingWithDISCOVER.guestUsrOrderplacewithDISCOVER(orderplacingWithDISCOVER.java:58)
at sun.reflect.NativeMethodAccessorImpl.invoke0(Native Method)
at sun.reflect.NativeMethodAccessorImpl.invoke(NativeMethodAccessorImpl.java:62)
at sun.reflect.DelegatingMethodAccessorImpl.invoke(DelegatingMethodAccessorImpl.java:43)
at java.lang.reflect.Method.invoke(Method.java:498)
at org.testng.internal.MethodInvocationHelper.invokeMethod(MethodInvocationHelper.java:124)
at org.testng.internal.Invoker.invokeMethod(Invoker.java:583)
at org.testng.internal.Invoker.invokeTestMethod(Invoker.java:719)
at org.testng.internal.Invoker.invokeTestMethods(Invoker.java:989)
at org.testng.internal.TestMethodWorker.invokeTestMethods(TestMethodWorker.java:125)
at org.testng.internal.TestMethodWorker.run(TestMethodWorker.java:109)
at java.util.concurrent.ThreadPoolExecutor.runWorker(ThreadPoolExecutor.java:1149)
at java.util.concurrent.ThreadPoolExecutor$Worker.run(ThreadPoolExecutor.java:624)
at java.lang.Thread.run(Thread.java:748)
]]>
            </full-stacktrace>
          </exception> <!-- org.openqa.selenium.NoSuchElementException -->
          <reporter-output>
          </reporter-output>
        </test-method> <!-- guestUsrOrderplacewithDISCOVER -->
        <test-method status="PASS" signature="PageClose()[pri:0, instance:com.test.Automation.orderplacingStuartWeitzman.orderplacingWithDISCOVER@4bbfb90a]" name="PageClose" is-config="true" duration-ms="5576" started-at="2019-04-12T07:44:34Z" finished-at="2019-04-12T07:44:40Z">
          <reporter-output>
          </reporter-output>
        </test-method> <!-- PageClose -->
      </class> <!-- com.test.Automation.orderplacingStuartWeitzman.orderplacingWithDISCOVER -->
    </test> <!-- orderplacingwithCards.xml -->
  </suite> <!-- Suite -->
</testng-results>
